Namespace(num_fogs=3, num_clients=25, fog_partitions='noniid-label2', client_partitions='part-noniid', client_shuffle_ratio=0.5, dataset='NIH_CXR', save_dir='./data/NIH_CXR/partitions/noniid-label2_part-noniid_linkage_0.5', seed=1234, cluster_alg='linkage')
args.dataset is NIH_CXR
{0: {3: 6000, 6: 6000}, 1: {4: 6000, 5: 6000}, 2: {0: 6000, 8: 6000}}
{0: {3: 1000, 6: 1000}, 1: {4: 1000, 5: 1000}, 2: {0: 1000, 8: 1000}}
writing before_shuffle_train_data
writing before_shuffle_test_data
creating partitioning for clients connected with fid 0
args.dataset is NIH_CXR
create_cxr_iid is called
{0: {3: 240, 6: 240}, 1: {3: 240, 6: 240}, 2: {3: 240, 6: 240}, 3: {3: 240, 6: 240}, 4: {3: 240, 6: 240}, 5: {3: 240, 6: 240}, 6: {3: 240, 6: 240}, 7: {3: 240, 6: 240}, 8: {3: 240, 6: 240}, 9: {3: 240, 6: 240}, 10: {3: 240, 6: 240}, 11: {3: 240, 6: 240}, 12: {3: 240, 6: 240}, 13: {3: 240, 6: 240}, 14: {3: 240, 6: 240}, 15: {3: 240, 6: 240}, 16: {3: 240, 6: 240}, 17: {3: 240, 6: 240}, 18: {3: 240, 6: 240}, 19: {3: 240, 6: 240}, 20: {3: 240, 6: 240}, 21: {3: 240, 6: 240}, 22: {3: 240, 6: 240}, 23: {3: 240, 6: 240}, 24: {3: 240, 6: 240}}
{0: {3: 40, 6: 40}, 1: {3: 40, 6: 40}, 2: {3: 40, 6: 40}, 3: {3: 40, 6: 40}, 4: {3: 40, 6: 40}, 5: {3: 40, 6: 40}, 6: {3: 40, 6: 40}, 7: {3: 40, 6: 40}, 8: {3: 40, 6: 40}, 9: {3: 40, 6: 40}, 10: {3: 40, 6: 40}, 11: {3: 40, 6: 40}, 12: {3: 40, 6: 40}, 13: {3: 40, 6: 40}, 14: {3: 40, 6: 40}, 15: {3: 40, 6: 40}, 16: {3: 40, 6: 40}, 17: {3: 40, 6: 40}, 18: {3: 40, 6: 40}, 19: {3: 40, 6: 40}, 20: {3: 40, 6: 40}, 21: {3: 40, 6: 40}, 22: {3: 40, 6: 40}, 23: {3: 40, 6: 40}, 24: {3: 40, 6: 40}}
creating partitioning for clients connected with fid 1
args.dataset is NIH_CXR
create_cxr_iid is called
{0: {4: 240, 5: 240}, 1: {4: 240, 5: 240}, 2: {4: 240, 5: 240}, 3: {4: 240, 5: 240}, 4: {4: 240, 5: 240}, 5: {4: 240, 5: 240}, 6: {4: 240, 5: 240}, 7: {4: 240, 5: 240}, 8: {4: 240, 5: 240}, 9: {4: 240, 5: 240}, 10: {4: 240, 5: 240}, 11: {4: 240, 5: 240}, 12: {4: 240, 5: 240}, 13: {4: 240, 5: 240}, 14: {4: 240, 5: 240}, 15: {4: 240, 5: 240}, 16: {4: 240, 5: 240}, 17: {4: 240, 5: 240}, 18: {4: 240, 5: 240}, 19: {4: 240, 5: 240}, 20: {4: 240, 5: 240}, 21: {4: 240, 5: 240}, 22: {4: 240, 5: 240}, 23: {4: 240, 5: 240}, 24: {4: 240, 5: 240}}
{0: {4: 40, 5: 40}, 1: {4: 40, 5: 40}, 2: {4: 40, 5: 40}, 3: {4: 40, 5: 40}, 4: {4: 40, 5: 40}, 5: {4: 40, 5: 40}, 6: {4: 40, 5: 40}, 7: {4: 40, 5: 40}, 8: {4: 40, 5: 40}, 9: {4: 40, 5: 40}, 10: {4: 40, 5: 40}, 11: {4: 40, 5: 40}, 12: {4: 40, 5: 40}, 13: {4: 40, 5: 40}, 14: {4: 40, 5: 40}, 15: {4: 40, 5: 40}, 16: {4: 40, 5: 40}, 17: {4: 40, 5: 40}, 18: {4: 40, 5: 40}, 19: {4: 40, 5: 40}, 20: {4: 40, 5: 40}, 21: {4: 40, 5: 40}, 22: {4: 40, 5: 40}, 23: {4: 40, 5: 40}, 24: {4: 40, 5: 40}}
creating partitioning for clients connected with fid 2
args.dataset is NIH_CXR
create_cxr_iid is called
{0: {0: 240, 8: 240}, 1: {0: 240, 8: 240}, 2: {0: 240, 8: 240}, 3: {0: 240, 8: 240}, 4: {0: 240, 8: 240}, 5: {0: 240, 8: 240}, 6: {0: 240, 8: 240}, 7: {0: 240, 8: 240}, 8: {0: 240, 8: 240}, 9: {0: 240, 8: 240}, 10: {0: 240, 8: 240}, 11: {0: 240, 8: 240}, 12: {0: 240, 8: 240}, 13: {0: 240, 8: 240}, 14: {0: 240, 8: 240}, 15: {0: 240, 8: 240}, 16: {0: 240, 8: 240}, 17: {0: 240, 8: 240}, 18: {0: 240, 8: 240}, 19: {0: 240, 8: 240}, 20: {0: 240, 8: 240}, 21: {0: 240, 8: 240}, 22: {0: 240, 8: 240}, 23: {0: 240, 8: 240}, 24: {0: 240, 8: 240}}
{0: {0: 40, 8: 40}, 1: {0: 40, 8: 40}, 2: {0: 40, 8: 40}, 3: {0: 40, 8: 40}, 4: {0: 40, 8: 40}, 5: {0: 40, 8: 40}, 6: {0: 40, 8: 40}, 7: {0: 40, 8: 40}, 8: {0: 40, 8: 40}, 9: {0: 40, 8: 40}, 10: {0: 40, 8: 40}, 11: {0: 40, 8: 40}, 12: {0: 40, 8: 40}, 13: {0: 40, 8: 40}, 14: {0: 40, 8: 40}, 15: {0: 40, 8: 40}, 16: {0: 40, 8: 40}, 17: {0: 40, 8: 40}, 18: {0: 40, 8: 40}, 19: {0: 40, 8: 40}, 20: {0: 40, 8: 40}, 21: {0: 40, 8: 40}, 22: {0: 40, 8: 40}, 23: {0: 40, 8: 40}, 24: {0: 40, 8: 40}}
dict_keys([0, 1, 2, 3, 4, 5, 6, 7, 8, 9, 10, 11, 12, 13, 14, 15, 16, 17, 18, 19, 20, 21, 22, 23, 24, 25, 26, 27, 28, 29, 30, 31, 32, 33, 34, 35, 36, 37, 38, 39, 40, 41, 42, 43, 44, 45, 46, 47, 48, 49, 50, 51, 52, 53, 54, 55, 56, 57, 58, 59, 60, 61, 62, 63, 64, 65, 66, 67, 68, 69, 70, 71, 72, 73, 74])
writing train_data
writing test_data
{0: {3: 240, 6: 240}, 1: {3: 240, 6: 240}, 2: {3: 240, 6: 240}, 3: {3: 240, 6: 240}, 4: {3: 240, 6: 240}, 5: {3: 240, 6: 240}, 6: {3: 240, 6: 240}, 7: {3: 240, 6: 240}, 8: {3: 240, 6: 240}, 9: {3: 240, 6: 240}, 10: {3: 240, 6: 240}, 11: {3: 240, 6: 240}, 12: {3: 240, 6: 240}, 13: {3: 240, 6: 240}, 14: {3: 240, 6: 240}, 15: {3: 240, 6: 240}, 16: {3: 240, 6: 240}, 17: {3: 240, 6: 240}, 18: {3: 240, 6: 240}, 19: {3: 240, 6: 240}, 20: {3: 240, 6: 240}, 21: {3: 240, 6: 240}, 22: {3: 240, 6: 240}, 23: {3: 240, 6: 240}, 24: {3: 240, 6: 240}, 25: {4: 240, 5: 240}, 26: {4: 240, 5: 240}, 27: {4: 240, 5: 240}, 28: {4: 240, 5: 240}, 29: {4: 240, 5: 240}, 30: {4: 240, 5: 240}, 31: {4: 240, 5: 240}, 32: {4: 240, 5: 240}, 33: {4: 240, 5: 240}, 34: {4: 240, 5: 240}, 35: {4: 240, 5: 240}, 36: {4: 240, 5: 240}, 37: {4: 240, 5: 240}, 38: {4: 240, 5: 240}, 39: {4: 240, 5: 240}, 40: {4: 240, 5: 240}, 41: {4: 240, 5: 240}, 42: {4: 240, 5: 240}, 43: {4: 240, 5: 240}, 44: {4: 240, 5: 240}, 45: {4: 240, 5: 240}, 46: {4: 240, 5: 240}, 47: {4: 240, 5: 240}, 48: {4: 240, 5: 240}, 49: {4: 240, 5: 240}, 50: {0: 240, 8: 240}, 51: {0: 240, 8: 240}, 52: {0: 240, 8: 240}, 53: {0: 240, 8: 240}, 54: {0: 240, 8: 240}, 55: {0: 240, 8: 240}, 56: {0: 240, 8: 240}, 57: {0: 240, 8: 240}, 58: {0: 240, 8: 240}, 59: {0: 240, 8: 240}, 60: {0: 240, 8: 240}, 61: {0: 240, 8: 240}, 62: {0: 240, 8: 240}, 63: {0: 240, 8: 240}, 64: {0: 240, 8: 240}, 65: {0: 240, 8: 240}, 66: {0: 240, 8: 240}, 67: {0: 240, 8: 240}, 68: {0: 240, 8: 240}, 69: {0: 240, 8: 240}, 70: {0: 240, 8: 240}, 71: {0: 240, 8: 240}, 72: {0: 240, 8: 240}, 73: {0: 240, 8: 240}, 74: {0: 240, 8: 240}}
writing client_train_data_stats
clients_per_fog: [[0, 1, 2, 3, 4, 5, 6, 7, 8, 9, 10, 11, 12, 13, 14, 15, 16, 17, 18, 19, 20, 21, 22, 23, 24], [25, 26, 27, 28, 29, 30, 31, 32, 33, 34, 35, 36, 37, 38, 39, 40, 41, 42, 43, 44, 45, 46, 47, 48, 49], [50, 51, 52, 53, 54, 55, 56, 57, 58, 59, 60, 61, 62, 63, 64, 65, 66, 67, 68, 69, 70, 71, 72, 73, 74]]
index list: [[0, 1, 2, 3, 4, 5, 6, 7, 8, 9, 10, 11, 12, 13, 14, 15, 16, 17, 18, 19, 20, 21, 22, 23, 24], [25, 26, 27, 28, 29, 30, 31, 32, 33, 34, 35, 36, 37, 38, 39, 40, 41, 42, 43, 44, 45, 46, 47, 48, 49], [50, 51, 52, 53, 54, 55, 56, 57, 58, 59, 60, 61, 62, 63, 64, 65, 66, 67, 68, 69, 70, 71, 72, 73, 74]]
訓練データの統計情報
fog record net data stats
{0: {3: 6000, 6: 6000}, 1: {4: 6000, 5: 6000}, 2: {0: 6000, 8: 6000}}
fog record net data stats after update
{0: {0: 480, 3: 4080, 4: 1440, 5: 1440, 6: 4080, 8: 480}, 1: {0: 720, 3: 1440, 4: 3840, 5: 3840, 6: 1440, 8: 720}, 2: {0: 4800, 3: 480, 4: 720, 5: 720, 6: 480, 8: 4800}}
client record net data stats
{0: {3: 240, 6: 240}, 1: {3: 240, 6: 240}, 2: {3: 240, 6: 240}, 3: {3: 240, 6: 240}, 4: {3: 240, 6: 240}, 5: {3: 240, 6: 240}, 6: {3: 240, 6: 240}, 7: {3: 240, 6: 240}, 8: {3: 240, 6: 240}, 9: {3: 240, 6: 240}, 10: {3: 240, 6: 240}, 11: {3: 240, 6: 240}, 12: {3: 240, 6: 240}, 13: {3: 240, 6: 240}, 14: {3: 240, 6: 240}, 15: {3: 240, 6: 240}, 16: {3: 240, 6: 240}, 17: {3: 240, 6: 240}, 18: {3: 240, 6: 240}, 19: {3: 240, 6: 240}, 20: {3: 240, 6: 240}, 21: {3: 240, 6: 240}, 22: {3: 240, 6: 240}, 23: {3: 240, 6: 240}, 24: {3: 240, 6: 240}, 25: {4: 240, 5: 240}, 26: {4: 240, 5: 240}, 27: {4: 240, 5: 240}, 28: {4: 240, 5: 240}, 29: {4: 240, 5: 240}, 30: {4: 240, 5: 240}, 31: {4: 240, 5: 240}, 32: {4: 240, 5: 240}, 33: {4: 240, 5: 240}, 34: {4: 240, 5: 240}, 35: {4: 240, 5: 240}, 36: {4: 240, 5: 240}, 37: {4: 240, 5: 240}, 38: {4: 240, 5: 240}, 39: {4: 240, 5: 240}, 40: {4: 240, 5: 240}, 41: {4: 240, 5: 240}, 42: {4: 240, 5: 240}, 43: {4: 240, 5: 240}, 44: {4: 240, 5: 240}, 45: {4: 240, 5: 240}, 46: {4: 240, 5: 240}, 47: {4: 240, 5: 240}, 48: {4: 240, 5: 240}, 49: {4: 240, 5: 240}, 50: {0: 240, 8: 240}, 51: {0: 240, 8: 240}, 52: {0: 240, 8: 240}, 53: {0: 240, 8: 240}, 54: {0: 240, 8: 240}, 55: {0: 240, 8: 240}, 56: {0: 240, 8: 240}, 57: {0: 240, 8: 240}, 58: {0: 240, 8: 240}, 59: {0: 240, 8: 240}, 60: {0: 240, 8: 240}, 61: {0: 240, 8: 240}, 62: {0: 240, 8: 240}, 63: {0: 240, 8: 240}, 64: {0: 240, 8: 240}, 65: {0: 240, 8: 240}, 66: {0: 240, 8: 240}, 67: {0: 240, 8: 240}, 68: {0: 240, 8: 240}, 69: {0: 240, 8: 240}, 70: {0: 240, 8: 240}, 71: {0: 240, 8: 240}, 72: {0: 240, 8: 240}, 73: {0: 240, 8: 240}, 74: {0: 240, 8: 240}}
client record net data stats after update
{0: {3: 240, 6: 240}, 1: {3: 240, 6: 240}, 2: {3: 240, 6: 240}, 3: {3: 240, 6: 240}, 4: {3: 240, 6: 240}, 5: {3: 240, 6: 240}, 6: {3: 240, 6: 240}, 7: {3: 240, 6: 240}, 8: {3: 240, 6: 240}, 9: {3: 240, 6: 240}, 10: {3: 240, 6: 240}, 11: {3: 240, 6: 240}, 12: {3: 240, 6: 240}, 13: {0: 240, 8: 240}, 14: {3: 240, 6: 240}, 15: {4: 240, 5: 240}, 16: {0: 240, 8: 240}, 17: {4: 240, 5: 240}, 18: {3: 240, 6: 240}, 19: {3: 240, 6: 240}, 20: {4: 240, 5: 240}, 21: {3: 240, 6: 240}, 22: {4: 240, 5: 240}, 23: {4: 240, 5: 240}, 24: {4: 240, 5: 240}, 25: {4: 240, 5: 240}, 26: {4: 240, 5: 240}, 27: {4: 240, 5: 240}, 28: {4: 240, 5: 240}, 29: {4: 240, 5: 240}, 30: {4: 240, 5: 240}, 31: {4: 240, 5: 240}, 32: {4: 240, 5: 240}, 33: {4: 240, 5: 240}, 34: {4: 240, 5: 240}, 35: {4: 240, 5: 240}, 36: {4: 240, 5: 240}, 37: {4: 240, 5: 240}, 38: {3: 240, 6: 240}, 39: {0: 240, 8: 240}, 40: {3: 240, 6: 240}, 41: {4: 240, 5: 240}, 42: {3: 240, 6: 240}, 43: {0: 240, 8: 240}, 44: {4: 240, 5: 240}, 45: {4: 240, 5: 240}, 46: {3: 240, 6: 240}, 47: {0: 240, 8: 240}, 48: {3: 240, 6: 240}, 49: {3: 240, 6: 240}, 50: {0: 240, 8: 240}, 51: {0: 240, 8: 240}, 52: {0: 240, 8: 240}, 53: {0: 240, 8: 240}, 54: {0: 240, 8: 240}, 55: {0: 240, 8: 240}, 56: {0: 240, 8: 240}, 57: {0: 240, 8: 240}, 58: {0: 240, 8: 240}, 59: {0: 240, 8: 240}, 60: {0: 240, 8: 240}, 61: {0: 240, 8: 240}, 62: {0: 240, 8: 240}, 63: {0: 240, 8: 240}, 64: {0: 240, 8: 240}, 65: {4: 240, 5: 240}, 66: {0: 240, 8: 240}, 67: {3: 240, 6: 240}, 68: {0: 240, 8: 240}, 69: {0: 240, 8: 240}, 70: {0: 240, 8: 240}, 71: {4: 240, 5: 240}, 72: {4: 240, 5: 240}, 73: {3: 240, 6: 240}, 74: {0: 240, 8: 240}}
テストデータの統計情報
fog record net data stats
{0: {3: 1000, 6: 1000}, 1: {4: 1000, 5: 1000}, 2: {0: 1000, 8: 1000}}
fog record net data stats after update
{0: {0: 80, 3: 680, 4: 240, 5: 240, 6: 680, 8: 80}, 1: {0: 120, 3: 240, 4: 640, 5: 640, 6: 240, 8: 120}, 2: {0: 800, 3: 80, 4: 120, 5: 120, 6: 80, 8: 800}}
client record net data stats
{0: {3: 40, 6: 40}, 1: {3: 40, 6: 40}, 2: {3: 40, 6: 40}, 3: {3: 40, 6: 40}, 4: {3: 40, 6: 40}, 5: {3: 40, 6: 40}, 6: {3: 40, 6: 40}, 7: {3: 40, 6: 40}, 8: {3: 40, 6: 40}, 9: {3: 40, 6: 40}, 10: {3: 40, 6: 40}, 11: {3: 40, 6: 40}, 12: {3: 40, 6: 40}, 13: {3: 40, 6: 40}, 14: {3: 40, 6: 40}, 15: {3: 40, 6: 40}, 16: {3: 40, 6: 40}, 17: {3: 40, 6: 40}, 18: {3: 40, 6: 40}, 19: {3: 40, 6: 40}, 20: {3: 40, 6: 40}, 21: {3: 40, 6: 40}, 22: {3: 40, 6: 40}, 23: {3: 40, 6: 40}, 24: {3: 40, 6: 40}, 25: {4: 40, 5: 40}, 26: {4: 40, 5: 40}, 27: {4: 40, 5: 40}, 28: {4: 40, 5: 40}, 29: {4: 40, 5: 40}, 30: {4: 40, 5: 40}, 31: {4: 40, 5: 40}, 32: {4: 40, 5: 40}, 33: {4: 40, 5: 40}, 34: {4: 40, 5: 40}, 35: {4: 40, 5: 40}, 36: {4: 40, 5: 40}, 37: {4: 40, 5: 40}, 38: {4: 40, 5: 40}, 39: {4: 40, 5: 40}, 40: {4: 40, 5: 40}, 41: {4: 40, 5: 40}, 42: {4: 40, 5: 40}, 43: {4: 40, 5: 40}, 44: {4: 40, 5: 40}, 45: {4: 40, 5: 40}, 46: {4: 40, 5: 40}, 47: {4: 40, 5: 40}, 48: {4: 40, 5: 40}, 49: {4: 40, 5: 40}, 50: {0: 40, 8: 40}, 51: {0: 40, 8: 40}, 52: {0: 40, 8: 40}, 53: {0: 40, 8: 40}, 54: {0: 40, 8: 40}, 55: {0: 40, 8: 40}, 56: {0: 40, 8: 40}, 57: {0: 40, 8: 40}, 58: {0: 40, 8: 40}, 59: {0: 40, 8: 40}, 60: {0: 40, 8: 40}, 61: {0: 40, 8: 40}, 62: {0: 40, 8: 40}, 63: {0: 40, 8: 40}, 64: {0: 40, 8: 40}, 65: {0: 40, 8: 40}, 66: {0: 40, 8: 40}, 67: {0: 40, 8: 40}, 68: {0: 40, 8: 40}, 69: {0: 40, 8: 40}, 70: {0: 40, 8: 40}, 71: {0: 40, 8: 40}, 72: {0: 40, 8: 40}, 73: {0: 40, 8: 40}, 74: {0: 40, 8: 40}}
client record net data stats after update
{0: {3: 40, 6: 40}, 1: {3: 40, 6: 40}, 2: {3: 40, 6: 40}, 3: {3: 40, 6: 40}, 4: {3: 40, 6: 40}, 5: {3: 40, 6: 40}, 6: {3: 40, 6: 40}, 7: {3: 40, 6: 40}, 8: {3: 40, 6: 40}, 9: {3: 40, 6: 40}, 10: {3: 40, 6: 40}, 11: {3: 40, 6: 40}, 12: {3: 40, 6: 40}, 13: {0: 40, 8: 40}, 14: {3: 40, 6: 40}, 15: {4: 40, 5: 40}, 16: {0: 40, 8: 40}, 17: {4: 40, 5: 40}, 18: {3: 40, 6: 40}, 19: {3: 40, 6: 40}, 20: {4: 40, 5: 40}, 21: {3: 40, 6: 40}, 22: {4: 40, 5: 40}, 23: {4: 40, 5: 40}, 24: {4: 40, 5: 40}, 25: {4: 40, 5: 40}, 26: {4: 40, 5: 40}, 27: {4: 40, 5: 40}, 28: {4: 40, 5: 40}, 29: {4: 40, 5: 40}, 30: {4: 40, 5: 40}, 31: {4: 40, 5: 40}, 32: {4: 40, 5: 40}, 33: {4: 40, 5: 40}, 34: {4: 40, 5: 40}, 35: {4: 40, 5: 40}, 36: {4: 40, 5: 40}, 37: {4: 40, 5: 40}, 38: {3: 40, 6: 40}, 39: {0: 40, 8: 40}, 40: {3: 40, 6: 40}, 41: {4: 40, 5: 40}, 42: {3: 40, 6: 40}, 43: {0: 40, 8: 40}, 44: {4: 40, 5: 40}, 45: {4: 40, 5: 40}, 46: {3: 40, 6: 40}, 47: {0: 40, 8: 40}, 48: {3: 40, 6: 40}, 49: {3: 40, 6: 40}, 50: {0: 40, 8: 40}, 51: {0: 40, 8: 40}, 52: {0: 40, 8: 40}, 53: {0: 40, 8: 40}, 54: {0: 40, 8: 40}, 55: {0: 40, 8: 40}, 56: {0: 40, 8: 40}, 57: {0: 40, 8: 40}, 58: {0: 40, 8: 40}, 59: {0: 40, 8: 40}, 60: {0: 40, 8: 40}, 61: {0: 40, 8: 40}, 62: {0: 40, 8: 40}, 63: {0: 40, 8: 40}, 64: {0: 40, 8: 40}, 65: {4: 40, 5: 40}, 66: {0: 40, 8: 40}, 67: {3: 40, 6: 40}, 68: {0: 40, 8: 40}, 69: {0: 40, 8: 40}, 70: {0: 40, 8: 40}, 71: {4: 40, 5: 40}, 72: {4: 40, 5: 40}, 73: {3: 40, 6: 40}, 74: {0: 40, 8: 40}}
create test json file at data/NIH_CXR/partitions/noniid-label2_part-noniid_linkage_0.5/fog
writing train_data
writing test_data
writing train_data
writing test_data
{0: {3: 240, 6: 240}, 1: {3: 240, 6: 240}, 2: {3: 240, 6: 240}, 3: {3: 240, 6: 240}, 4: {3: 240, 6: 240}, 5: {3: 240, 6: 240}, 6: {3: 240, 6: 240}, 7: {3: 240, 6: 240}, 8: {3: 240, 6: 240}, 9: {3: 240, 6: 240}, 10: {3: 240, 6: 240}, 11: {3: 240, 6: 240}, 12: {3: 240, 6: 240}, 13: {0: 240, 8: 240}, 14: {3: 240, 6: 240}, 15: {4: 240, 5: 240}, 16: {0: 240, 8: 240}, 17: {4: 240, 5: 240}, 18: {3: 240, 6: 240}, 19: {3: 240, 6: 240}, 20: {4: 240, 5: 240}, 21: {3: 240, 6: 240}, 22: {4: 240, 5: 240}, 23: {4: 240, 5: 240}, 24: {4: 240, 5: 240}, 25: {4: 240, 5: 240}, 26: {4: 240, 5: 240}, 27: {4: 240, 5: 240}, 28: {4: 240, 5: 240}, 29: {4: 240, 5: 240}, 30: {4: 240, 5: 240}, 31: {4: 240, 5: 240}, 32: {4: 240, 5: 240}, 33: {4: 240, 5: 240}, 34: {4: 240, 5: 240}, 35: {4: 240, 5: 240}, 36: {4: 240, 5: 240}, 37: {4: 240, 5: 240}, 38: {3: 240, 6: 240}, 39: {0: 240, 8: 240}, 40: {3: 240, 6: 240}, 41: {4: 240, 5: 240}, 42: {3: 240, 6: 240}, 43: {0: 240, 8: 240}, 44: {4: 240, 5: 240}, 45: {4: 240, 5: 240}, 46: {3: 240, 6: 240}, 47: {0: 240, 8: 240}, 48: {3: 240, 6: 240}, 49: {3: 240, 6: 240}, 50: {0: 240, 8: 240}, 51: {0: 240, 8: 240}, 52: {0: 240, 8: 240}, 53: {0: 240, 8: 240}, 54: {0: 240, 8: 240}, 55: {0: 240, 8: 240}, 56: {0: 240, 8: 240}, 57: {0: 240, 8: 240}, 58: {0: 240, 8: 240}, 59: {0: 240, 8: 240}, 60: {0: 240, 8: 240}, 61: {0: 240, 8: 240}, 62: {0: 240, 8: 240}, 63: {0: 240, 8: 240}, 64: {0: 240, 8: 240}, 65: {4: 240, 5: 240}, 66: {0: 240, 8: 240}, 67: {3: 240, 6: 240}, 68: {0: 240, 8: 240}, 69: {0: 240, 8: 240}, 70: {0: 240, 8: 240}, 71: {4: 240, 5: 240}, 72: {4: 240, 5: 240}, 73: {3: 240, 6: 240}, 74: {0: 240, 8: 240}}
writing client_train_data_stats
{0: {3: 40, 6: 40}, 1: {3: 40, 6: 40}, 2: {3: 40, 6: 40}, 3: {3: 40, 6: 40}, 4: {3: 40, 6: 40}, 5: {3: 40, 6: 40}, 6: {3: 40, 6: 40}, 7: {3: 40, 6: 40}, 8: {3: 40, 6: 40}, 9: {3: 40, 6: 40}, 10: {3: 40, 6: 40}, 11: {3: 40, 6: 40}, 12: {3: 40, 6: 40}, 13: {0: 40, 8: 40}, 14: {3: 40, 6: 40}, 15: {4: 40, 5: 40}, 16: {0: 40, 8: 40}, 17: {4: 40, 5: 40}, 18: {3: 40, 6: 40}, 19: {3: 40, 6: 40}, 20: {4: 40, 5: 40}, 21: {3: 40, 6: 40}, 22: {4: 40, 5: 40}, 23: {4: 40, 5: 40}, 24: {4: 40, 5: 40}, 25: {4: 40, 5: 40}, 26: {4: 40, 5: 40}, 27: {4: 40, 5: 40}, 28: {4: 40, 5: 40}, 29: {4: 40, 5: 40}, 30: {4: 40, 5: 40}, 31: {4: 40, 5: 40}, 32: {4: 40, 5: 40}, 33: {4: 40, 5: 40}, 34: {4: 40, 5: 40}, 35: {4: 40, 5: 40}, 36: {4: 40, 5: 40}, 37: {4: 40, 5: 40}, 38: {3: 40, 6: 40}, 39: {0: 40, 8: 40}, 40: {3: 40, 6: 40}, 41: {4: 40, 5: 40}, 42: {3: 40, 6: 40}, 43: {0: 40, 8: 40}, 44: {4: 40, 5: 40}, 45: {4: 40, 5: 40}, 46: {3: 40, 6: 40}, 47: {0: 40, 8: 40}, 48: {3: 40, 6: 40}, 49: {3: 40, 6: 40}, 50: {0: 40, 8: 40}, 51: {0: 40, 8: 40}, 52: {0: 40, 8: 40}, 53: {0: 40, 8: 40}, 54: {0: 40, 8: 40}, 55: {0: 40, 8: 40}, 56: {0: 40, 8: 40}, 57: {0: 40, 8: 40}, 58: {0: 40, 8: 40}, 59: {0: 40, 8: 40}, 60: {0: 40, 8: 40}, 61: {0: 40, 8: 40}, 62: {0: 40, 8: 40}, 63: {0: 40, 8: 40}, 64: {0: 40, 8: 40}, 65: {4: 40, 5: 40}, 66: {0: 40, 8: 40}, 67: {3: 40, 6: 40}, 68: {0: 40, 8: 40}, 69: {0: 40, 8: 40}, 70: {0: 40, 8: 40}, 71: {4: 40, 5: 40}, 72: {4: 40, 5: 40}, 73: {3: 40, 6: 40}, 74: {0: 40, 8: 40}}
writing after_shuffle_client_test_data_stats
フォグ訓練データの統計情報
{0: {3: 6000, 6: 6000}, 1: {4: 6000, 5: 6000}, 2: {0: 6000, 8: 6000}}
クライアント訓練データの統計情報
{0: {3: 240, 6: 240}, 1: {3: 240, 6: 240}, 2: {3: 240, 6: 240}, 3: {3: 240, 6: 240}, 4: {3: 240, 6: 240}, 5: {3: 240, 6: 240}, 6: {3: 240, 6: 240}, 7: {3: 240, 6: 240}, 8: {3: 240, 6: 240}, 9: {3: 240, 6: 240}, 10: {3: 240, 6: 240}, 11: {3: 240, 6: 240}, 12: {3: 240, 6: 240}, 13: {3: 240, 6: 240}, 14: {3: 240, 6: 240}, 15: {3: 240, 6: 240}, 16: {3: 240, 6: 240}, 17: {3: 240, 6: 240}, 18: {3: 240, 6: 240}, 19: {3: 240, 6: 240}, 20: {3: 240, 6: 240}, 21: {3: 240, 6: 240}, 22: {3: 240, 6: 240}, 23: {3: 240, 6: 240}, 24: {3: 240, 6: 240}, 25: {4: 240, 5: 240}, 26: {4: 240, 5: 240}, 27: {4: 240, 5: 240}, 28: {4: 240, 5: 240}, 29: {4: 240, 5: 240}, 30: {4: 240, 5: 240}, 31: {4: 240, 5: 240}, 32: {4: 240, 5: 240}, 33: {4: 240, 5: 240}, 34: {4: 240, 5: 240}, 35: {4: 240, 5: 240}, 36: {4: 240, 5: 240}, 37: {4: 240, 5: 240}, 38: {4: 240, 5: 240}, 39: {4: 240, 5: 240}, 40: {4: 240, 5: 240}, 41: {4: 240, 5: 240}, 42: {4: 240, 5: 240}, 43: {4: 240, 5: 240}, 44: {4: 240, 5: 240}, 45: {4: 240, 5: 240}, 46: {4: 240, 5: 240}, 47: {4: 240, 5: 240}, 48: {4: 240, 5: 240}, 49: {4: 240, 5: 240}, 50: {0: 240, 8: 240}, 51: {0: 240, 8: 240}, 52: {0: 240, 8: 240}, 53: {0: 240, 8: 240}, 54: {0: 240, 8: 240}, 55: {0: 240, 8: 240}, 56: {0: 240, 8: 240}, 57: {0: 240, 8: 240}, 58: {0: 240, 8: 240}, 59: {0: 240, 8: 240}, 60: {0: 240, 8: 240}, 61: {0: 240, 8: 240}, 62: {0: 240, 8: 240}, 63: {0: 240, 8: 240}, 64: {0: 240, 8: 240}, 65: {0: 240, 8: 240}, 66: {0: 240, 8: 240}, 67: {0: 240, 8: 240}, 68: {0: 240, 8: 240}, 69: {0: 240, 8: 240}, 70: {0: 240, 8: 240}, 71: {0: 240, 8: 240}, 72: {0: 240, 8: 240}, 73: {0: 240, 8: 240}, 74: {0: 240, 8: 240}}
クライアント評価データの統計情報
{0: {3: 40, 6: 40}, 1: {3: 40, 6: 40}, 2: {3: 40, 6: 40}, 3: {3: 40, 6: 40}, 4: {3: 40, 6: 40}, 5: {3: 40, 6: 40}, 6: {3: 40, 6: 40}, 7: {3: 40, 6: 40}, 8: {3: 40, 6: 40}, 9: {3: 40, 6: 40}, 10: {3: 40, 6: 40}, 11: {3: 40, 6: 40}, 12: {3: 40, 6: 40}, 13: {3: 40, 6: 40}, 14: {3: 40, 6: 40}, 15: {3: 40, 6: 40}, 16: {3: 40, 6: 40}, 17: {3: 40, 6: 40}, 18: {3: 40, 6: 40}, 19: {3: 40, 6: 40}, 20: {3: 40, 6: 40}, 21: {3: 40, 6: 40}, 22: {3: 40, 6: 40}, 23: {3: 40, 6: 40}, 24: {3: 40, 6: 40}, 25: {4: 40, 5: 40}, 26: {4: 40, 5: 40}, 27: {4: 40, 5: 40}, 28: {4: 40, 5: 40}, 29: {4: 40, 5: 40}, 30: {4: 40, 5: 40}, 31: {4: 40, 5: 40}, 32: {4: 40, 5: 40}, 33: {4: 40, 5: 40}, 34: {4: 40, 5: 40}, 35: {4: 40, 5: 40}, 36: {4: 40, 5: 40}, 37: {4: 40, 5: 40}, 38: {4: 40, 5: 40}, 39: {4: 40, 5: 40}, 40: {4: 40, 5: 40}, 41: {4: 40, 5: 40}, 42: {4: 40, 5: 40}, 43: {4: 40, 5: 40}, 44: {4: 40, 5: 40}, 45: {4: 40, 5: 40}, 46: {4: 40, 5: 40}, 47: {4: 40, 5: 40}, 48: {4: 40, 5: 40}, 49: {4: 40, 5: 40}, 50: {0: 40, 8: 40}, 51: {0: 40, 8: 40}, 52: {0: 40, 8: 40}, 53: {0: 40, 8: 40}, 54: {0: 40, 8: 40}, 55: {0: 40, 8: 40}, 56: {0: 40, 8: 40}, 57: {0: 40, 8: 40}, 58: {0: 40, 8: 40}, 59: {0: 40, 8: 40}, 60: {0: 40, 8: 40}, 61: {0: 40, 8: 40}, 62: {0: 40, 8: 40}, 63: {0: 40, 8: 40}, 64: {0: 40, 8: 40}, 65: {0: 40, 8: 40}, 66: {0: 40, 8: 40}, 67: {0: 40, 8: 40}, 68: {0: 40, 8: 40}, 69: {0: 40, 8: 40}, 70: {0: 40, 8: 40}, 71: {0: 40, 8: 40}, 72: {0: 40, 8: 40}, 73: {0: 40, 8: 40}, 74: {0: 40, 8: 40}}
run linkage clustering
元のデータ: [('0', {'3': 240, '6': 240}), ('1', {'3': 240, '6': 240}), ('2', {'3': 240, '6': 240}), ('3', {'3': 240, '6': 240}), ('4', {'3': 240, '6': 240})]

フォグサーバ範囲 0~24
対象データ（キーと値）: [('0', {'3': 240, '6': 240}), ('1', {'3': 240, '6': 240}), ('2', {'3': 240, '6': 240}), ('3', {'3': 240, '6': 240}), ('4', {'3': 240, '6': 240})]
クラスタリングスコアのデータをJSONファイルに保存しました: data/NIH_CXR/partitions/noniid-label2_part-noniid_linkage_0.5/client/clustering_scores.json
シルエットスコアをプロットしました[None, 1.0, 1.0, 1.0, 1.0, 1.0, 1.0, 1.0, 1.0]
Calinski-Harabaszスコアをプロットしました[None, 1.0, 1.0, 1.0, 1.0, 1.0, 1.0, 1.0, 1.0]
Davies-Bouldinスコアをプロットしました[None, 0.0, 0.0, 0.0, 0.0, 0.0, 0.0, 0.0, 0.0]
k_values: range(2, 11)
silhouette_scores: [None, 1.0, 1.0, 1.0, 1.0, 1.0, 1.0, 1.0, 1.0]
最適なクラスタ数（シルエット法）: 3

フォグサーバ範囲 25~49
対象データ（キーと値）: [('25', {'4': 240, '5': 240}), ('26', {'4': 240, '5': 240}), ('27', {'4': 240, '5': 240}), ('28', {'4': 240, '5': 240}), ('29', {'4': 240, '5': 240})]
クラスタリングスコアのデータをJSONファイルに保存しました: data/NIH_CXR/partitions/noniid-label2_part-noniid_linkage_0.5/client/clustering_scores.json
シルエットスコアをプロットしました[None, 1.0, 1.0, 1.0, 1.0, 1.0, 1.0, 1.0, 1.0]
Calinski-Harabaszスコアをプロットしました[None, 1.0, 1.0, 1.0, 1.0, 1.0, 1.0, 1.0, 1.0]
Davies-Bouldinスコアをプロットしました[None, 0.0, 0.0, 0.0, 0.0, 0.0, 0.0, 0.0, 0.0]
k_values: range(2, 11)
silhouette_scores: [None, 1.0, 1.0, 1.0, 1.0, 1.0, 1.0, 1.0, 1.0]
最適なクラスタ数（シルエット法）: 3

フォグサーバ範囲 50~74
対象データ（キーと値）: [('50', {'0': 240, '8': 240}), ('51', {'0': 240, '8': 240}), ('52', {'0': 240, '8': 240}), ('53', {'0': 240, '8': 240}), ('54', {'0': 240, '8': 240})]
クラスタリングスコアのデータをJSONファイルに保存しました: data/NIH_CXR/partitions/noniid-label2_part-noniid_linkage_0.5/client/clustering_scores.json
シルエットスコアをプロットしました[None, 1.0, 1.0, 1.0, 1.0, 1.0, 1.0, 1.0, 1.0]
Calinski-Harabaszスコアをプロットしました[None, 1.0, 1.0, 1.0, 1.0, 1.0, 1.0, 1.0, 1.0]
Davies-Bouldinスコアをプロットしました[None, 0.0, 0.0, 0.0, 0.0, 0.0, 0.0, 0.0, 0.0]
k_values: range(2, 11)
silhouette_scores: [None, 1.0, 1.0, 1.0, 1.0, 1.0, 1.0, 1.0, 1.0]
最適なクラスタ数（シルエット法）: 3
クラスタリングが完了し、結果は 'data/NIH_CXR/partitions/noniid-label2_part-noniid_linkage_0.5/client/clustered_client_list.json' に保存されました。
writing train_data
writing test_data
writing before_shuffle_cid_fid_dict
